Arguments: 
  C:\Program Files\nodejs\node.exe C:\Users\BiBi\AppData\Roaming\npm\node_modules\yarn\bin\yarn.js init

PATH: 
  C:\Users\BiBi\bin;C:\Program Files\Git\mingw64\bin;C:\Program Files\Git\usr\local\bin;C:\Program Files\Git\usr\bin;C:\Program Files\Git\usr\bin;C:\Program Files\Git\mingw64\bin;C:\Program Files\Git\usr\bin;C:\Users\BiBi\bin;C:\ProgramData\DockerDesktop\version-bin;C:\Program Files\Docker\Docker\Resources\bin;C:\ProgramData\Oracle\Java\javapath;C:\Program Files (x86)\Common Files\Oracle\Java\javapath;C:\WINDOWS\system32;C:\WINDOWS;C:\WINDOWS\System32\Wbem;C:\WINDOWS\System32\WindowsPowerShell\v1.0;C:\WINDOWS\System32\OpenSSH;C:\wamp\bin\php\php5.6.35;C:\composer;C:\Program Files\TortoiseGit\bin;C:\wamp64\bin\php\php7.2.4;D:\wamp\bin\php\php7.2.4;C:\Program Files\dotnet;C:\Program Files\Git\cmd;C:\Program Files\nodejs;C:\Users\BiBi\AppData\Local\Microsoft\WindowsApps;C:\Users\BiBi\AppData\Roaming\Composer\vendor\bin;C:\Users\BiBi\AppData\Local\atom\bin;C:\Program Files\heroku\bin;C:\Program Files\JetBrains\WebStorm 2018.3.1\bin;C:\Users\BiBi\AppData\Local\Programs\Microsoft VS Code\bin;C:\Users\BiBi\AppData\Roaming\npm;C:\Program Files\MongoDB\Server\4.0\bin;C:\Program Files\Git\usr\bin\vendor_perl;C:\Program Files\Git\usr\bin\core_perl

Yarn version: 
  1.13.0

Node version: 
  10.15.0

Platform: 
  win32 x64

Trace: 
  Error: Can't answer a question unless a user TTY
      at ConsoleReporter.question (C:\Users\BiBi\AppData\Roaming\npm\node_modules\yarn\lib\cli.js:96071:59)
      at Object.<anonymous> (C:\Users\BiBi\AppData\Roaming\npm\node_modules\yarn\lib\cli.js:88459:38)
      at Generator.next (<anonymous>)
      at step (C:\Users\BiBi\AppData\Roaming\npm\node_modules\yarn\lib\cli.js:304:30)
      at C:\Users\BiBi\AppData\Roaming\npm\node_modules\yarn\lib\cli.js:315:13

npm manifest: 
  No manifest

yarn manifest: 
  No manifest

Lockfile: 
  No lockfile
